<?xml version="1.0" encoding="UTF-8"?>
<!-- Generated by org.testng.reporters.JUnitXMLReporter -->
<testsuite ignored="0" hostname="ICS-LT-BF2T2F3" failures="0" tests="7" name="my tests" time="20.333" errors="0" timestamp="2024-06-28T22:17:38 IST">
  <testcase classname="D42.BasicTestng" name="openbrowser" time="0.013"/>
  <testcase classname="D42.BasicTestng" name="Logged" time="0.002"/>
  <testcase classname="D42.BasicTestng" name="Login" time="0.002"/>
  <testcase classname="D42.OrangeTest" name="initialixe" time="15.905"/>
  <testcase classname="D42.OrangeTest" name="logo" time="0.921"/>
  <testcase classname="D42.OrangeTest" name="login" time="1.844"/>
  <testcase classname="D42.OrangeTest" name="logout" time="1.564"/>
</testsuite> <!-- my tests -->
