<?xml version="1.0" encoding="UTF-8"?>
<!-- Generated by org.testng.reporters.JUnitXMLReporter -->
<testsuite ignored="0" hostname="ICS-LT-BF2T2F3" failures="0" tests="8" name="groupingtest" time="0.121" errors="0" timestamp="2024-08-05T22:29:00 IST">
  <testcase classname="D44.Logintest" name="loginBYemail" time="0.014"/>
  <testcase classname="D44.Logintest" name="loginBYusername" time="0.002"/>
  <testcase classname="D44.Logintest" name="loginBYtwitter" time="0.002"/>
  <testcase classname="D44.Paymenttest" name="payRupees" time="0.002"/>
  <testcase classname="D44.Paymenttest" name="payDolloars" time="0.002"/>
  <testcase classname="D44.Signuptest" name="signBYemail" time="0.004"/>
  <testcase classname="D44.Signuptest" name="signBYusername" time="0.002"/>
  <testcase classname="D44.Signuptest" name="signBYtwitter" time="0.005"/>
</testsuite> <!-- groupingtest -->
